<?xml version="1.0" encoding="UTF-8"?>
<!-- Generated by org.testng.reporters.JUnitXMLReporter -->
<testsuite hostname="DESKTOP-HD7LAND" ignored="0" name="Test" tests="6" failures="0" timestamp="2022-01-19T21:30:43 IST" time="0.09" errors="0">
  <testcase name="test10" time="0.012" classname="parrlel_testng_practices.Test_class2"/>
  <testcase name="test20" time="0.002" classname="parrlel_testng_practices.Test_class2"/>
  <testcase name="test30" time="0.002" classname="parrlel_testng_practices.Test_class2"/>
  <testcase name="test10" time="0.002" classname="parrlel_testng_practices.Test_class1"/>
  <testcase name="test20" time="0.002" classname="parrlel_testng_practices.Test_class1"/>
  <testcase name="test30" time="0.002" classname="parrlel_testng_practices.Test_class1"/>
</testsuite> <!-- Test -->
