<?xml version="1.0" encoding="UTF-8"?>
<!-- Generated by org.testng.reporters.JUnitXMLReporter -->
<testsuite hostname="DESKTOP-HD7LAND" ignored="0" name="Test" tests="3" failures="0" timestamp="2022-01-19T21:33:52 IST" time="0.173" errors="0">
  <testcase name="test1" time="0.011" classname="parrlel_testng_practices.Parller_testing_thread_count"/>
  <testcase name="test2" time="0.011" classname="parrlel_testng_practices.Parller_testing_thread_count"/>
  <testcase name="test3" time="0.004" classname="parrlel_testng_practices.Parller_testing_thread_count"/>
</testsuite> <!-- Test -->
