<?xml version="1.0" encoding="UTF-8"?>
<!-- Generated by org.testng.reporters.JUnitXMLReporter -->
<testsuite hostname="DESKTOP-HD7LAND" ignored="4" name="Test_depends" tests="3" failures="0" timestamp="2022-01-19T21:25:56 IST" time="0.063" errors="0">
  <testcase name="english" time="0.009" classname="testng_practices.depends_on_groups_testng"/>
  <testcase name="math" time="0.001" classname="testng_practices.depends_on_groups_testng"/>
  <testcase name="telugu" time="0.002" classname="testng_practices.depends_on_groups_testng"/>
  <testcase name="social" time="0.0" classname="testng_practices.depends_on_groups_testng">
    <ignored/>
  </testcase> <!-- social -->
  <testcase name="b" time="0.0" classname="testng_practices.depends_on_groups_testng">
    <ignored/>
  </testcase> <!-- b -->
  <testcase name="a" time="0.0" classname="testng_practices.depends_on_groups_testng">
    <ignored/>
  </testcase> <!-- a -->
  <testcase name="science" time="0.0" classname="testng_practices.depends_on_groups_testng">
    <ignored/>
  </testcase> <!-- science -->
</testsuite> <!-- Test_depends -->
