<?xml version="1.0" encoding="UTF-8"?>
<!-- Generated by org.testng.reporters.JUnitReportReporter -->
<testsuite skipped="0" hostname="DESKTOP-HD7LAND" name="testng_practices.Priorities_testng" tests="7" failures="0" timestamp="2022-01-19T18:55:41 IST" time="0.024" errors="0">
  <testcase name="telugu" time="0.003" classname="testng_practices.Priorities_testng"/>
  <system-out/>
  <testcase name="social" time="0.003" classname="testng_practices.Priorities_testng"/>
  <system-out/>
  <testcase name="english" time="0.010" classname="testng_practices.Priorities_testng"/>
  <system-out/>
  <testcase name="science" time="0.002" classname="testng_practices.Priorities_testng"/>
  <system-out/>
  <testcase name="a" time="0.001" classname="testng_practices.Priorities_testng"/>
  <system-out/>
  <testcase name="math" time="0.003" classname="testng_practices.Priorities_testng"/>
  <system-out/>
  <testcase name="b" time="0.002" classname="testng_practices.Priorities_testng"/>
  <system-out/>
</testsuite> <!-- testng_practices.Priorities_testng -->
